<?xml version="1.0" encoding="UTF-8"?>
<testsuite name="ru.mirea3.java.labs.lab11.Lab11ApplicationTests" tests="1" skipped="0" failures="0" errors="0" timestamp="2024-04-29T17:32:28" hostname="EATTHECOOKIES" time="2.146">
  <properties/>
  <testcase name="contextLoads()" classname="ru.mirea3.java.labs.lab11.Lab11ApplicationTests" time="2.146"/>
  <system-out><![CDATA[20:32:22.390 [Test worker] INFO org.springframework.test.context.support.AnnotationConfigContextLoaderUtils -- Could not detect default configuration classes for test class [ru.mirea3.java.labs.lab11.Lab11ApplicationTests]: Lab11ApplicationTests does not declare any static, non-private, non-final, nested classes annotated with @Configuration.
20:32:22.606 [Test worker] INFO org.springframework.boot.test.context.SpringBootTestContextBootstrapper -- Found @SpringBootConfiguration ru.mirea3.java.labs.lab11.Lab11Application for test class ru.mirea3.java.labs.lab11.Lab11ApplicationTests

  .   ____          _            __ _ _
 /\\ / ___'_ __ _ _(_)_ __  __ _ \ \ \ \
( ( )\___ | '_ | '_| | '_ \/ _` | \ \ \ \
 \\/  ___)| |_)| | | | | || (_| |  ) ) ) )
  '  |____| .__|_| |_|_| |_\__, | / / / /
 =========|_|==============|___/=/_/_/_/
 :: Spring Boot ::                (v3.2.5)

2024-04-29T20:32:23.619+03:00  INFO 22592 --- [lab11] [    Test worker] r.m.j.labs.lab11.Lab11ApplicationTests   : Starting Lab11ApplicationTests using Java 20.0.2 with PID 22592 (started by sasha in D:\java\lab11)
2024-04-29T20:32:23.623+03:00  INFO 22592 --- [lab11] [    Test worker] r.m.j.labs.lab11.Lab11ApplicationTests   : No active profile set, falling back to 1 default profile: "default"
2024-04-29T20:32:28.134+03:00  INFO 22592 --- [lab11] [    Test worker] o.s.b.a.e.web.EndpointLinksResolver      : Exposing 13 endpoint(s) beneath base path '/actuator'
2024-04-29T20:32:28.374+03:00  INFO 22592 --- [lab11] [    Test worker] r.m.j.labs.lab11.Lab11ApplicationTests   : Started Lab11ApplicationTests in 5.385 seconds (process running for 8.049)
]]></system-out>
  <system-err><![CDATA[]]></system-err>
</testsuite>
